<?xml version="1.0" encoding="UTF-8"?>
<!-- Generated by org.testng.reporters.JUnitReportReporter -->
<testsuite hostname="DESKTOP-HCDGF9N" failures="0" tests="1" name="Maven.SELENIUMTest" time="0.000" errors="0" timestamp="2020-04-24T23:46:46 GMT-04:00" skipped="0">
  <testcase classname="Maven.SELENIUMTest" name="selenium1" time="0.000"/>
  <system-out/>
</testsuite> <!-- Maven.SELENIUMTest -->
